116805 execve("/home/rommel/projects/credit_service/cmake-build-debug/credit_service", ["/home/rommel/projects/credit_ser"...], 0x7ffcf6e8eeb8 /* 48 vars */) = 0
116805 brk(NULL)                        = 0x583ac52a1000
116805 mmap(NULL, 8192, PROT_READ|PROT_WRITE, MAP_PRIVATE|MAP_ANONYMOUS, -1, 0) = 0x730053e2b000
116805 access("/etc/ld.so.preload", R_OK) = -1 ENOENT (No such file or directory)
116805 openat(AT_FDCWD, "/etc/ld.so.cache", O_RDONLY|O_CLOEXEC) = 3
116805 fstat(3, {st_mode=S_IFREG|0644, st_size=87995, ...}) = 0
116805 mmap(NULL, 87995, PROT_READ, MAP_PRIVATE, 3, 0) = 0x730053e15000
116805 close(3)                         = 0
116805 openat(AT_FDCWD, "/lib/x86_64-linux-gnu/libpq.so.5", O_RDONLY|O_CLOEXEC) = 3
116805 read(3, "\177ELF\2\1\1\0\0\0\0\0\0\0\0\0\3\0>\0\1\0\0\0\0\0\0\0\0\0\0\0"..., 832) = 832
116805 fstat(3, {st_mode=S_IFREG|0644, st_size=350392, ...}) = 0
116805 mmap(NULL, 348560, PROT_READ, MAP_PRIVATE|MAP_DENYWRITE, 3, 0) = 0x730053dbf000
116805 mmap(0x730053dca000, 159744, PROT_READ|PROT_EXEC, MAP_PRIVATE|MAP_FIXED|MAP_DENYWRITE, 3, 0xb000) = 0x730053dca000
116805 mmap(0x730053df1000, 131072, PROT_READ, MAP_PRIVATE|MAP_FIXED|MAP_DENYWRITE, 3, 0x32000) = 0x730053df1000
116805 mmap(0x730053e11000, 16384, PROT_READ|PROT_WRITE, MAP_PRIVATE|MAP_FIXED|MAP_DENYWRITE, 3, 0x52000) = 0x730053e11000
116805 close(3)                         = 0
116805 openat(AT_FDCWD, "/lib/x86_64-linux-gnu/libstdc++.so.6", O_RDONLY|O_CLOEXEC) = 3
116805 read(3, "\177ELF\2\1\1\3\0\0\0\0\0\0\0\0\3\0>\0\1\0\0\0\0\0\0\0\0\0\0\0"..., 832) = 832
116805 fstat(3, {st_mode=S_IFREG|0644, st_size=2592224, ...}) = 0
116805 mmap(NULL, 2609472, PROT_READ, MAP_PRIVATE|MAP_DENYWRITE, 3, 0) = 0x730053a00000
116805 mmap(0x730053a9d000, 1343488, PROT_READ|PROT_EXEC, MAP_PRIVATE|MAP_FIXED|MAP_DENYWRITE, 3, 0x9d000) = 0x730053a9d000
116805 mmap(0x730053be5000, 552960, PROT_READ, MAP_PRIVATE|MAP_FIXED|MAP_DENYWRITE, 3, 0x1e5000) = 0x730053be5000
116805 mmap(0x730053c6c000, 57344, PROT_READ|PROT_WRITE, MAP_PRIVATE|MAP_FIXED|MAP_DENYWRITE, 3, 0x26b000) = 0x730053c6c000
116805 mmap(0x730053c7a000, 12608, PROT_READ|PROT_WRITE, MAP_PRIVATE|MAP_FIXED|MAP_ANONYMOUS, -1, 0) = 0x730053c7a000
116805 close(3)                         = 0
116805 openat(AT_FDCWD, "/lib/x86_64-linux-gnu/libgcc_s.so.1", O_RDONLY|O_CLOEXEC) = 3
116805 read(3, "\177ELF\2\1\1\0\0\0\0\0\0\0\0\0\3\0>\0\1\0\0\0\0\0\0\0\0\0\0\0"..., 832) = 832
116805 fstat(3, {st_mode=S_IFREG|0644, st_size=183024, ...}) = 0
116805 mmap(NULL, 185256, PROT_READ, MAP_PRIVATE|MAP_DENYWRITE, 3, 0) = 0x730053d91000
116805 mmap(0x730053d95000, 147456, PROT_READ|PROT_EXEC, MAP_PRIVATE|MAP_FIXED|MAP_DENYWRITE, 3, 0x4000) = 0x730053d95000
116805 mmap(0x730053db9000, 16384, PROT_READ, MAP_PRIVATE|MAP_FIXED|MAP_DENYWRITE, 3, 0x28000) = 0x730053db9000
116805 mmap(0x730053dbd000, 8192, PROT_READ|PROT_WRITE, MAP_PRIVATE|MAP_FIXED|MAP_DENYWRITE, 3, 0x2b000) = 0x730053dbd000
116805 close(3)                         = 0
116805 openat(AT_FDCWD, "/lib/x86_64-linux-gnu/libc.so.6", O_RDONLY|O_CLOEXEC) = 3
116805 read(3, "\177ELF\2\1\1\3\0\0\0\0\0\0\0\0\3\0>\0\1\0\0\0\220\243\2\0\0\0\0\0"..., 832) = 832
116805 pread64(3, "\6\0\0\0\4\0\0\0@\0\0\0\0\0\0\0@\0\0\0\0\0\0\0@\0\0\0\0\0\0\0"..., 784, 64) = 784
116805 fstat(3, {st_mode=S_IFREG|0755, st_size=2125328, ...}) = 0
116805 pread64(3, "\6\0\0\0\4\0\0\0@\0\0\0\0\0\0\0@\0\0\0\0\0\0\0@\0\0\0\0\0\0\0"..., 784, 64) = 784
116805 mmap(NULL, 2170256, PROT_READ, MAP_PRIVATE|MAP_DENYWRITE, 3, 0) = 0x730053600000
116805 mmap(0x730053628000, 1605632, PROT_READ|PROT_EXEC, MAP_PRIVATE|MAP_FIXED|MAP_DENYWRITE, 3, 0x28000) = 0x730053628000
116805 mmap(0x7300537b0000, 323584, PROT_READ, MAP_PRIVATE|MAP_FIXED|MAP_DENYWRITE, 3, 0x1b0000) = 0x7300537b0000
116805 mmap(0x7300537ff000, 24576, PROT_READ|PROT_WRITE, MAP_PRIVATE|MAP_FIXED|MAP_DENYWRITE, 3, 0x1fe000) = 0x7300537ff000
116805 mmap(0x730053805000, 52624, PROT_READ|PROT_WRITE, MAP_PRIVATE|MAP_FIXED|MAP_ANONYMOUS, -1, 0) = 0x730053805000
116805 close(3)                         = 0
116805 openat(AT_FDCWD, "/lib/x86_64-linux-gnu/libssl.so.3", O_RDONLY|O_CLOEXEC) = 3
116805 read(3, "\177ELF\2\1\1\0\0\0\0\0\0\0\0\0\3\0>\0\1\0\0\0\0\0\0\0\0\0\0\0"..., 832) = 832
116805 fstat(3, {st_mode=S_IFREG|0644, st_size=696512, ...}) = 0
116805 mmap(NULL, 694384, PROT_READ, MAP_PRIVATE|MAP_DENYWRITE, 3, 0) = 0x730053ce7000
116805 mmap(0x730053d05000, 401408, PROT_READ|PROT_EXEC, MAP_PRIVATE|MAP_FIXED|MAP_DENYWRITE, 3, 0x1e000) = 0x730053d05000
116805 mmap(0x730053d67000, 114688, PROT_READ, MAP_PRIVATE|MAP_FIXED|MAP_DENYWRITE, 3, 0x80000) = 0x730053d67000
116805 mmap(0x730053d83000, 57344, PROT_READ|PROT_WRITE, MAP_PRIVATE|MAP_FIXED|MAP_DENYWRITE, 3, 0x9c000) = 0x730053d83000
116805 close(3)                         = 0
116805 openat(AT_FDCWD, "/lib/x86_64-linux-gnu/libcrypto.so.3", O_RDONLY|O_CLOEXEC) = 3
116805 read(3, "\177ELF\2\1\1\0\0\0\0\0\0\0\0\0\3\0>\0\1\0\0\0\0\0\0\0\0\0\0\0"..., 832) = 832
116805 fstat(3, {st_mode=S_IFREG|0644, st_size=5305304, ...}) = 0
116805 mmap(NULL, 8192, PROT_READ|PROT_WRITE, MAP_PRIVATE|MAP_ANONYMOUS, -1, 0) = 0x730053ce5000
116805 mmap(NULL, 5319632, PROT_READ, MAP_PRIVATE|MAP_DENYWRITE, 3, 0) = 0x730053000000
116805 mmap(0x7300530b3000, 3354624, PROT_READ|PROT_EXEC, MAP_PRIVATE|MAP_FIXED|MAP_DENYWRITE, 3, 0xb3000) = 0x7300530b3000
116805 mmap(0x7300533e6000, 831488, PROT_READ, MAP_PRIVATE|MAP_FIXED|MAP_DENYWRITE, 3, 0x3e6000) = 0x7300533e6000
116805 mmap(0x7300534b1000, 389120, PROT_READ|PROT_WRITE, MAP_PRIVATE|MAP_FIXED|MAP_DENYWRITE, 3, 0x4b0000) = 0x7300534b1000
116805 mmap(0x730053510000, 11216, PROT_READ|PROT_WRITE, MAP_PRIVATE|MAP_FIXED|MAP_ANONYMOUS, -1, 0) = 0x730053510000
116805 close(3)                         = 0
116805 openat(AT_FDCWD, "/lib/x86_64-linux-gnu/libgssapi_krb5.so.2", O_RDONLY|O_CLOEXEC) = 3
116805 read(3, "\177ELF\2\1\1\0\0\0\0\0\0\0\0\0\3\0>\0\1\0\0\0\0\0\0\0\0\0\0\0"..., 832) = 832
116805 fstat(3, {st_mode=S_IFREG|0644, st_size=338696, ...}) = 0
116805 mmap(NULL, 341080, PROT_READ, MAP_PRIVATE|MAP_DENYWRITE, 3, 0) = 0x730053c91000
116805 mmap(0x730053c9d000, 237568, PROT_READ|PROT_EXEC, MAP_PRIVATE|MAP_FIXED|MAP_DENYWRITE, 3, 0xc000) = 0x730053c9d000
116805 mmap(0x730053cd7000, 40960, PROT_READ, MAP_PRIVATE|MAP_FIXED|MAP_DENYWRITE, 3, 0x46000) = 0x730053cd7000
116805 mmap(0x730053ce1000, 16384, PROT_READ|PROT_WRITE, MAP_PRIVATE|MAP_FIXED|MAP_DENYWRITE, 3, 0x4f000) = 0x730053ce1000
116805 close(3)                         = 0
116805 openat(AT_FDCWD, "/lib/x86_64-linux-gnu/libldap.so.2", O_RDONLY|O_CLOEXEC) = 3
116805 read(3, "\177ELF\2\1\1\0\0\0\0\0\0\0\0\0\3\0>\0\1\0\0\0\0\0\0\0\0\0\0\0"..., 832) = 832
116805 fstat(3, {st_mode=S_IFREG|0644, st_size=372400, ...}) = 0
116805 mmap(NULL, 383832, PROT_READ, MAP_PRIVATE|MAP_DENYWRITE, 3, 0) = 0x7300539a2000
116805 mmap(0x7300539b0000, 245760, PROT_READ|PROT_EXEC, MAP_PRIVATE|MAP_FIXED|MAP_DENYWRITE, 3, 0xe000) = 0x7300539b0000
116805 mmap(0x7300539ec000, 61440, PROT_READ, MAP_PRIVATE|MAP_FIXED|MAP_DENYWRITE, 3, 0x4a000) = 0x7300539ec000
116805 mmap(0x7300539fb000, 12288, PROT_READ|PROT_WRITE, MAP_PRIVATE|MAP_FIXED|MAP_DENYWRITE, 3, 0x58000) = 0x7300539fb000
116805 mmap(0x7300539fe000, 7000, PROT_READ|PROT_WRITE, MAP_PRIVATE|MAP_FIXED|MAP_ANONYMOUS, -1, 0) = 0x7300539fe000
116805 close(3)                         = 0
116805 openat(AT_FDCWD, "/lib/x86_64-linux-gnu/libm.so.6", O_RDONLY|O_CLOEXEC) = 3
116805 read(3, "\177ELF\2\1\1\3\0\0\0\0\0\0\0\0\3\0>\0\1\0\0\0\0\0\0\0\0\0\0\0"..., 832) = 832
116805 fstat(3, {st_mode=S_IFREG|0644, st_size=952616, ...}) = 0
116805 mmap(NULL, 950296, PROT_READ, MAP_PRIVATE|MAP_DENYWRITE, 3, 0) = 0x7300538b9000
116805 mmap(0x7300538c9000, 520192, PROT_READ|PROT_EXEC, MAP_PRIVATE|MAP_FIXED|MAP_DENYWRITE, 3, 0x10000) = 0x7300538c9000
116805 mmap(0x730053948000, 360448, PROT_READ, MAP_PRIVATE|MAP_FIXED|MAP_DENYWRITE, 3, 0x8f000) = 0x730053948000
116805 mmap(0x7300539a0000, 8192, PROT_READ|PROT_WRITE, MAP_PRIVATE|MAP_FIXED|MAP_DENYWRITE, 3, 0xe7000) = 0x7300539a0000
116805 close(3)                         = 0
116805 openat(AT_FDCWD, "/lib/x86_64-linux-gnu/libkrb5.so.3", O_RDONLY|O_CLOEXEC) = 3
116805 read(3, "\177ELF\2\1\1\0\0\0\0\0\0\0\0\0\3\0>\0\1\0\0\0\0\0\0\0\0\0\0\0"..., 832) = 832
116805 fstat(3, {st_mode=S_IFREG|0644, st_size=823488, ...}) = 0
116805 mmap(NULL, 822032, PROT_READ, MAP_PRIVATE|MAP_DENYWRITE, 3, 0) = 0x730053537000
116805 mmap(0x730053557000, 397312, PROT_READ|PROT_EXEC, MAP_PRIVATE|MAP_FIXED|MAP_DENYWRITE, 3, 0x20000) = 0x730053557000
116805 mmap(0x7300535b8000, 233472, PROT_READ, MAP_PRIVATE|MAP_FIXED|MAP_DENYWRITE, 3, 0x81000) = 0x7300535b8000
116805 mmap(0x7300535f1000, 61440, PROT_READ|PROT_WRITE, MAP_PRIVATE|MAP_FIXED|MAP_DENYWRITE, 3, 0xba000) = 0x7300535f1000
116805 close(3)                         = 0
116805 openat(AT_FDCWD, "/lib/x86_64-linux-gnu/libk5crypto.so.3", O_RDONLY|O_CLOEXEC) = 3
116805 read(3, "\177ELF\2\1\1\0\0\0\0\0\0\0\0\0\3\0>\0\1\0\0\0\0\0\0\0\0\0\0\0"..., 832) = 832
116805 fstat(3, {st_mode=S_IFREG|0644, st_size=178648, ...}) = 0
116805 mmap(NULL, 8192, PROT_READ|PROT_WRITE, MAP_PRIVATE|MAP_ANONYMOUS, -1, 0) = 0x730053c8f000
116805 mmap(NULL, 176392, PROT_READ, MAP_PRIVATE|MAP_DENYWRITE, 3, 0) = 0x73005388d000
116805 mmap(0x730053891000, 110592, PROT_READ|PROT_EXEC, MAP_PRIVATE|MAP_FIXED|MAP_DENYWRITE, 3, 0x4000) = 0x730053891000
116805 mmap(0x7300538ac000, 45056, PROT_READ, MAP_PRIVATE|MAP_FIXED|MAP_DENYWRITE, 3, 0x1f000) = 0x7300538ac000
116805 mmap(0x7300538b7000, 8192, PROT_READ|PROT_WRITE, MAP_PRIVATE|MAP_FIXED|MAP_DENYWRITE, 3, 0x2a000) = 0x7300538b7000
116805 close(3)                         = 0
116805 openat(AT_FDCWD, "/lib/x86_64-linux-gnu/libcom_err.so.2", O_RDONLY|O_CLOEXEC) = 3
116805 read(3, "\177ELF\2\1\1\0\0\0\0\0\0\0\0\0\3\0>\0\1\0\0\0\0\0\0\0\0\0\0\0"..., 832) = 832
116805 fstat(3, {st_mode=S_IFREG|0644, st_size=18504, ...}) = 0
116805 mmap(NULL, 20552, PROT_READ, MAP_PRIVATE|MAP_DENYWRITE, 3, 0) = 0x730053c89000
116805 mmap(0x730053c8b000, 4096, PROT_READ|PROT_EXEC, MAP_PRIVATE|MAP_FIXED|MAP_DENYWRITE, 3, 0x2000) = 0x730053c8b000
116805 mmap(0x730053c8c000, 4096, PROT_READ, MAP_PRIVATE|MAP_FIXED|MAP_DENYWRITE, 3, 0x3000) = 0x730053c8c000
116805 mmap(0x730053c8d000, 8192, PROT_READ|PROT_WRITE, MAP_PRIVATE|MAP_FIXED|MAP_DENYWRITE, 3, 0x3000) = 0x730053c8d000
116805 close(3)                         = 0
116805 openat(AT_FDCWD, "/lib/x86_64-linux-gnu/libkrb5support.so.0", O_RDONLY|O_CLOEXEC) = 3
116805 read(3, "\177ELF\2\1\1\0\0\0\0\0\0\0\0\0\3\0>\0\1\0\0\0\0\0\0\0\0\0\0\0"..., 832) = 832
116805 fstat(3, {st_mode=S_IFREG|0644, st_size=47904, ...}) = 0
116805 mmap(NULL, 50128, PROT_READ, MAP_PRIVATE|MAP_DENYWRITE, 3, 0) = 0x730053880000
116805 mmap(0x730053883000, 24576, PROT_READ|PROT_EXEC, MAP_PRIVATE|MAP_FIXED|MAP_DENYWRITE, 3, 0x3000) = 0x730053883000
116805 mmap(0x730053889000, 8192, PROT_READ, MAP_PRIVATE|MAP_FIXED|MAP_DENYWRITE, 3, 0x9000) = 0x730053889000
116805 mmap(0x73005388b000, 8192, PROT_READ|PROT_WRITE, MAP_PRIVATE|MAP_FIXED|MAP_DENYWRITE, 3, 0xa000) = 0x73005388b000
116805 close(3)                         = 0
116805 openat(AT_FDCWD, "/lib/x86_64-linux-gnu/liblber.so.2", O_RDONLY|O_CLOEXEC) = 3
116805 read(3, "\177ELF\2\1\1\0\0\0\0\0\0\0\0\0\3\0>\0\1\0\0\0\0\0\0\0\0\0\0\0"..., 832) = 832
116805 fstat(3, {st_mode=S_IFREG|0644, st_size=59888, ...}) = 0
116805 mmap(NULL, 61864, PROT_READ, MAP_PRIVATE|MAP_DENYWRITE, 3, 0) = 0x730053870000
116805 mmap(0x730053873000, 32768, PROT_READ|PROT_EXEC, MAP_PRIVATE|MAP_FIXED|MAP_DENYWRITE, 3, 0x3000) = 0x730053873000
116805 mmap(0x73005387b000, 12288, PROT_READ, MAP_PRIVATE|MAP_FIXED|MAP_DENYWRITE, 3, 0xb000) = 0x73005387b000
116805 mmap(0x73005387e000, 8192, PROT_READ|PROT_WRITE, MAP_PRIVATE|MAP_FIXED|MAP_DENYWRITE, 3, 0xd000) = 0x73005387e000
116805 close(3)                         = 0
116805 openat(AT_FDCWD, "/lib/x86_64-linux-gnu/libsasl2.so.2", O_RDONLY|O_CLOEXEC) = 3
116805 read(3, "\177ELF\2\1\1\0\0\0\0\0\0\0\0\0\3\0>\0\1\0\0\0\0\0\0\0\0\0\0\0"..., 832) = 832
116805 fstat(3, {st_mode=S_IFREG|0644, st_size=101200, ...}) = 0
116805 mmap(NULL, 103328, PROT_READ, MAP_PRIVATE|MAP_DENYWRITE, 3, 0) = 0x730053856000
116805 mmap(0x730053859000, 65536, PROT_READ|PROT_EXEC, MAP_PRIVATE|MAP_FIXED|MAP_DENYWRITE, 3, 0x3000) = 0x730053859000
116805 mmap(0x730053869000, 20480, PROT_READ, MAP_PRIVATE|MAP_FIXED|MAP_DENYWRITE, 3, 0x13000) = 0x730053869000
116805 mmap(0x73005386e000, 8192, PROT_READ|PROT_WRITE, MAP_PRIVATE|MAP_FIXED|MAP_DENYWRITE, 3, 0x17000) = 0x73005386e000
116805 close(3)                         = 0
116805 openat(AT_FDCWD, "/lib/x86_64-linux-gnu/libgnutls.so.30", O_RDONLY|O_CLOEXEC) = 3
116805 read(3, "\177ELF\2\1\1\0\0\0\0\0\0\0\0\0\3\0>\0\1\0\0\0\0\0\0\0\0\0\0\0"..., 832) = 832
116805 fstat(3, {st_mode=S_IFREG|0644, st_size=2057632, ...}) = 0
116805 mmap(NULL, 8192, PROT_READ|PROT_WRITE, MAP_PRIVATE|MAP_ANONYMOUS, -1, 0) = 0x730053c87000
116805 mmap(NULL, 2071840, PROT_READ, MAP_PRIVATE|MAP_DENYWRITE, 3, 0) = 0x730052e06000
116805 mmap(0x730052e39000, 1282048, PROT_READ|PROT_EXEC, MAP_PRIVATE|MAP_FIXED|MAP_DENYWRITE, 3, 0x33000) = 0x730052e39000
116805 mmap(0x730052f72000, 495616, PROT_READ, MAP_PRIVATE|MAP_FIXED|MAP_DENYWRITE, 3, 0x16c000) = 0x730052f72000
116805 mmap(0x730052feb000, 73728, PROT_READ|PROT_WRITE, MAP_PRIVATE|MAP_FIXED|MAP_DENYWRITE, 3, 0x1e4000) = 0x730052feb000
116805 mmap(0x730052ffd000, 11552, PROT_READ|PROT_WRITE, MAP_PRIVATE|MAP_FIXED|MAP_ANONYMOUS, -1, 0) = 0x730052ffd000
116805 close(3)                         = 0
116805 openat(AT_FDCWD, "/lib/x86_64-linux-gnu/libkeyutils.so.1", O_RDONLY|O_CLOEXEC) = 3
116805 read(3, "\177ELF\2\1\1\0\0\0\0\0\0\0\0\0\3\0>\0\1\0\0\0\0\0\0\0\0\0\0\0"..., 832) = 832
116805 fstat(3, {st_mode=S_IFREG|0644, st_size=22600, ...}) = 0
116805 mmap(NULL, 24592, PROT_READ, MAP_PRIVATE|MAP_DENYWRITE, 3, 0) = 0x730053c80000
116805 mmap(0x730053c82000, 8192, PROT_READ|PROT_EXEC, MAP_PRIVATE|MAP_FIXED|MAP_DENYWRITE, 3, 0x2000) = 0x730053c82000
116805 mmap(0x730053c84000, 4096, PROT_READ, MAP_PRIVATE|MAP_FIXED|MAP_DENYWRITE, 3, 0x4000) = 0x730053c84000
116805 mmap(0x730053c85000, 8192, PROT_READ|PROT_WRITE, MAP_PRIVATE|MAP_FIXED|MAP_DENYWRITE, 3, 0x4000) = 0x730053c85000
116805 close(3)                         = 0
116805 openat(AT_FDCWD, "/lib/x86_64-linux-gnu/libresolv.so.2", O_RDONLY|O_CLOEXEC) = 3
116805 read(3, "\177ELF\2\1\1\0\0\0\0\0\0\0\0\0\3\0>\0\1\0\0\0\0\0\0\0\0\0\0\0"..., 832) = 832
116805 fstat(3, {st_mode=S_IFREG|0644, st_size=68104, ...}) = 0
116805 mmap(NULL, 75912, PROT_READ, MAP_PRIVATE|MAP_DENYWRITE, 3, 0) = 0x730053843000
116805 mmap(0x730053846000, 40960, PROT_READ|PROT_EXEC, MAP_PRIVATE|MAP_FIXED|MAP_DENYWRITE, 3, 0x3000) = 0x730053846000
116805 mmap(0x730053850000, 8192, PROT_READ, MAP_PRIVATE|MAP_FIXED|MAP_DENYWRITE, 3, 0xd000) = 0x730053850000
116805 mmap(0x730053852000, 8192, PROT_READ|PROT_WRITE, MAP_PRIVATE|MAP_FIXED|MAP_DENYWRITE, 3, 0xf000) = 0x730053852000
116805 mmap(0x730053854000, 6280, PROT_READ|PROT_WRITE, MAP_PRIVATE|MAP_FIXED|MAP_ANONYMOUS, -1, 0) = 0x730053854000
116805 close(3)                         = 0
116805 openat(AT_FDCWD, "/lib/x86_64-linux-gnu/libp11-kit.so.0", O_RDONLY|O_CLOEXEC) = 3
116805 read(3, "\177ELF\2\1\1\0\0\0\0\0\0\0\0\0\3\0>\0\1\0\0\0\0\0\0\0\0\0\0\0"..., 832) = 832
116805 fstat(3, {st_mode=S_IFREG|0644, st_size=1714008, ...}) = 0
116805 mmap(NULL, 1717896, PROT_READ, MAP_PRIVATE|MAP_DENYWRITE, 3, 0) = 0x730052c62000
116805 mmap(0x730052c9a000, 860160, PROT_READ|PROT_EXEC, MAP_PRIVATE|MAP_FIXED|MAP_DENYWRITE, 3, 0x38000) = 0x730052c9a000
116805 mmap(0x730052d6c000, 520192, PROT_READ, MAP_PRIVATE|MAP_FIXED|MAP_DENYWRITE, 3, 0x10a000) = 0x730052d6c000
116805 mmap(0x730052deb000, 106496, PROT_READ|PROT_WRITE, MAP_PRIVATE|MAP_FIXED|MAP_DENYWRITE, 3, 0x188000) = 0x730052deb000
116805 mmap(0x730052e05000, 1672, PROT_READ|PROT_WRITE, MAP_PRIVATE|MAP_FIXED|MAP_ANONYMOUS, -1, 0) = 0x730052e05000
116805 close(3)                         = 0
116805 openat(AT_FDCWD, "/lib/x86_64-linux-gnu/libidn2.so.0", O_RDONLY|O_CLOEXEC) = 3
116805 read(3, "\177ELF\2\1\1\0\0\0\0\0\0\0\0\0\3\0>\0\1\0\0\0\0\0\0\0\0\0\0\0"..., 832) = 832
116805 fstat(3, {st_mode=S_IFREG|0644, st_size=133192, ...}) = 0
116805 mmap(NULL, 135184, PROT_READ, MAP_PRIVATE|MAP_DENYWRITE, 3, 0) = 0x730053821000
116805 mmap(0x730053823000, 16384, PROT_READ|PROT_EXEC, MAP_PRIVATE|MAP_FIXED|MAP_DENYWRITE, 3, 0x2000) = 0x730053823000
116805 mmap(0x730053827000, 106496, PROT_READ, MAP_PRIVATE|MAP_FIXED|MAP_DENYWRITE, 3, 0x6000) = 0x730053827000
116805 mmap(0x730053841000, 8192, PROT_READ|PROT_WRITE, MAP_PRIVATE|MAP_FIXED|MAP_DENYWRITE, 3, 0x1f000) = 0x730053841000
116805 close(3)                         = 0
116805 openat(AT_FDCWD, "/lib/x86_64-linux-gnu/libunistring.so.5", O_RDONLY|O_CLOEXEC) = 3
116805 read(3, "\177ELF\2\1\1\0\0\0\0\0\0\0\0\0\3\0>\0\1\0\0\0\0\0\0\0\0\0\0\0"..., 832) = 832
116805 fstat(3, {st_mode=S_IFREG|0644, st_size=1755312, ...}) = 0
116805 mmap(NULL, 1755368, PROT_READ, MAP_PRIVATE|MAP_DENYWRITE, 3, 0) = 0x730052ab5000
116805 mmap(0x730052ac6000, 225280, PROT_READ|PROT_EXEC, MAP_PRIVATE|MAP_FIXED|MAP_DENYWRITE, 3, 0x11000) = 0x730052ac6000
116805 mmap(0x730052afd000, 1441792, PROT_READ, MAP_PRIVATE|MAP_FIXED|MAP_DENYWRITE, 3, 0x48000) = 0x730052afd000
116805 mmap(0x730052c5d000, 20480, PROT_READ|PROT_WRITE, MAP_PRIVATE|MAP_FIXED|MAP_DENYWRITE, 3, 0x1a8000) = 0x730052c5d000
116805 close(3)                         = 0
116805 openat(AT_FDCWD, "/lib/x86_64-linux-gnu/libtasn1.so.6", O_RDONLY|O_CLOEXEC) = 3
116805 read(3, "\177ELF\2\1\1\0\0\0\0\0\0\0\0\0\3\0>\0\1\0\0\0\0\0\0\0\0\0\0\0"..., 832) = 832
116805 fstat(3, {st_mode=S_IFREG|0644, st_size=88216, ...}) = 0
116805 mmap(NULL, 8192, PROT_READ|PROT_WRITE, MAP_PRIVATE|MAP_ANONYMOUS, -1, 0) = 0x730053c7e000
116805 mmap(NULL, 86568, PROT_READ, MAP_PRIVATE|MAP_DENYWRITE, 3, 0) = 0x730053521000
116805 mmap(0x730053524000, 57344, PROT_READ|PROT_EXEC, MAP_PRIVATE|MAP_FIXED|MAP_DENYWRITE, 3, 0x3000) = 0x730053524000
116805 mmap(0x730053532000, 12288, PROT_READ, MAP_PRIVATE|MAP_FIXED|MAP_DENYWRITE, 3, 0x11000) = 0x730053532000
116805 mmap(0x730053535000, 8192, PROT_READ|PROT_WRITE, MAP_PRIVATE|MAP_FIXED|MAP_DENYWRITE, 3, 0x14000) = 0x730053535000
116805 close(3)                         = 0
116805 openat(AT_FDCWD, "/lib/x86_64-linux-gnu/libnettle.so.8", O_RDONLY|O_CLOEXEC) = 3
116805 read(3, "\177ELF\2\1\1\0\0\0\0\0\0\0\0\0\3\0>\0\1\0\0\0\0\0\0\0\0\0\0\0"..., 832) = 832
116805 fstat(3, {st_mode=S_IFREG|0644, st_size=342280, ...}) = 0
116805 mmap(NULL, 344192, PROT_READ, MAP_PRIVATE|MAP_DENYWRITE, 3, 0) = 0x730052a60000
116805 mmap(0x730052a6c000, 192512, PROT_READ|PROT_EXEC, MAP_PRIVATE|MAP_FIXED|MAP_DENYWRITE, 3, 0xc000) = 0x730052a6c000
116805 mmap(0x730052a9b000, 94208, PROT_READ, MAP_PRIVATE|MAP_FIXED|MAP_DENYWRITE, 3, 0x3b000) = 0x730052a9b000
116805 mmap(0x730052ab2000, 12288, PROT_READ|PROT_WRITE, MAP_PRIVATE|MAP_FIXED|MAP_DENYWRITE, 3, 0x51000) = 0x730052ab2000
116805 close(3)                         = 0
116805 openat(AT_FDCWD, "/lib/x86_64-linux-gnu/libhogweed.so.6", O_RDONLY|O_CLOEXEC) = 3
116805 read(3, "\177ELF\2\1\1\0\0\0\0\0\0\0\0\0\3\0>\0\1\0\0\0\0\0\0\0\0\0\0\0"..., 832) = 832
116805 fstat(3, {st_mode=S_IFREG|0644, st_size=288920, ...}) = 0
116805 mmap(NULL, 290832, PROT_READ, MAP_PRIVATE|MAP_DENYWRITE, 3, 0) = 0x730052a18000
116805 mmap(0x730052a20000, 81920, PROT_READ|PROT_EXEC, MAP_PRIVATE|MAP_FIXED|MAP_DENYWRITE, 3, 0x8000) = 0x730052a20000
116805 mmap(0x730052a34000, 167936, PROT_READ, MAP_PRIVATE|MAP_FIXED|MAP_DENYWRITE, 3, 0x1c000) = 0x730052a34000
116805 mmap(0x730052a5d000, 12288, PROT_READ|PROT_WRITE, MAP_PRIVATE|MAP_FIXED|MAP_DENYWRITE, 3, 0x44000) = 0x730052a5d000
116805 close(3)                         = 0
116805 openat(AT_FDCWD, "/lib/x86_64-linux-gnu/libgmp.so.10", O_RDONLY|O_CLOEXEC) = 3
116805 read(3, "\177ELF\2\1\1\0\0\0\0\0\0\0\0\0\3\0>\0\1\0\0\0\0\0\0\0\0\0\0\0"..., 832) = 832
116805 fstat(3, {st_mode=S_IFREG|0644, st_size=534896, ...}) = 0
116805 mmap(NULL, 537072, PROT_READ, MAP_PRIVATE|MAP_DENYWRITE, 3, 0) = 0x730052994000
116805 mmap(0x73005299e000, 405504, PROT_READ|PROT_EXEC, MAP_PRIVATE|MAP_FIXED|MAP_DENYWRITE, 3, 0xa000) = 0x73005299e000
116805 mmap(0x730052a01000, 86016, PROT_READ, MAP_PRIVATE|MAP_FIXED|MAP_DENYWRITE, 3, 0x6d000) = 0x730052a01000
116805 mmap(0x730052a16000, 8192, PROT_READ|PROT_WRITE, MAP_PRIVATE|MAP_FIXED|MAP_DENYWRITE, 3, 0x81000) = 0x730052a16000
116805 close(3)                         = 0
116805 openat(AT_FDCWD, "/lib/x86_64-linux-gnu/libffi.so.8", O_RDONLY|O_CLOEXEC) = 3
116805 read(3, "\177ELF\2\1\1\0\0\0\0\0\0\0\0\0\3\0>\0\1\0\0\0\0\0\0\0\0\0\0\0"..., 832) = 832
116805 fstat(3, {st_mode=S_IFREG|0644, st_size=47672, ...}) = 0
116805 mmap(NULL, 46608, PROT_READ, MAP_PRIVATE|MAP_DENYWRITE, 3, 0) = 0x730053815000
116805 mmap(0x730053817000, 28672, PROT_READ|PROT_EXEC, MAP_PRIVATE|MAP_FIXED|MAP_DENYWRITE, 3, 0x2000) = 0x730053817000
116805 mmap(0x73005381e000, 4096, PROT_READ, MAP_PRIVATE|MAP_FIXED|MAP_DENYWRITE, 3, 0x9000) = 0x73005381e000
116805 mmap(0x73005381f000, 8192, PROT_READ|PROT_WRITE, MAP_PRIVATE|MAP_FIXED|MAP_DENYWRITE, 3, 0xa000) = 0x73005381f000
116805 close(3)                         = 0
116805 mmap(NULL, 8192, PROT_READ|PROT_WRITE, MAP_PRIVATE|MAP_ANONYMOUS, -1, 0) = 0x730053813000
116805 mmap(NULL, 8192, PROT_READ|PROT_WRITE, MAP_PRIVATE|MAP_ANONYMOUS, -1, 0) = 0x73005351f000
116805 mmap(NULL, 12288, PROT_READ|PROT_WRITE, MAP_PRIVATE|MAP_ANONYMOUS, -1, 0) = 0x73005351c000
116805 arch_prctl(ARCH_SET_FS, 0x73005351c980) = 0
116805 set_tid_address(0x73005351cc50)  = 116805
116805 set_robust_list(0x73005351cc60, 24) = 0
116805 rseq(0x73005351d2a0, 0x20, 0, 0x53053053) = 0
116805 mprotect(0x7300537ff000, 16384, PROT_READ) = 0
116805 mprotect(0x73005381f000, 4096, PROT_READ) = 0
116805 mprotect(0x730052a16000, 4096, PROT_READ) = 0
116805 mprotect(0x730052ab2000, 8192, PROT_READ) = 0
116805 mprotect(0x730052a5d000, 8192, PROT_READ) = 0
116805 mprotect(0x730053535000, 4096, PROT_READ) = 0
116805 mprotect(0x730052c5d000, 16384, PROT_READ) = 0
116805 mprotect(0x730053841000, 4096, PROT_READ) = 0
116805 mprotect(0x730052deb000, 53248, PROT_READ) = 0
116805 mprotect(0x730053852000, 4096, PROT_READ) = 0
116805 mprotect(0x730053c85000, 4096, PROT_READ) = 0
116805 mprotect(0x730052feb000, 65536, PROT_READ) = 0
116805 mprotect(0x7300534b1000, 376832, PROT_READ) = 0
116805 mprotect(0x73005386e000, 4096, PROT_READ) = 0
116805 mprotect(0x73005387e000, 4096, PROT_READ) = 0
116805 mprotect(0x73005388b000, 4096, PROT_READ) = 0
116805 mprotect(0x730053c8d000, 4096, PROT_READ) = 0
116805 mprotect(0x7300538b7000, 4096, PROT_READ) = 0
116805 mprotect(0x7300535f1000, 53248, PROT_READ) = 0
116805 mprotect(0x7300539a0000, 4096, PROT_READ) = 0
116805 mprotect(0x7300539fb000, 8192, PROT_READ) = 0
116805 mprotect(0x730053ce1000, 8192, PROT_READ) = 0
116805 mprotect(0x730053d83000, 40960, PROT_READ) = 0
116805 mprotect(0x730053dbd000, 4096, PROT_READ) = 0
116805 mprotect(0x730053c6c000, 45056, PROT_READ) = 0
116805 mprotect(0x730053e11000, 12288, PROT_READ) = 0
116805 mprotect(0x583a91e99000, 12288, PROT_READ) = 0
116805 mmap(NULL, 8192, PROT_READ|PROT_WRITE, MAP_PRIVATE|MAP_ANONYMOUS, -1, 0) = 0x73005351a000
116805 mprotect(0x730053e69000, 8192, PROT_READ) = 0
116805 prlimit64(0, RLIMIT_STACK, NULL, {rlim_cur=8192*1024, rlim_max=RLIM64_INFINITY}) = 0
116805 munmap(0x730053e15000, 87995)    = 0
116805 getrandom("\x94\x19\x93\x3e\x1d\x64\xc6\x98", 8, GRND_NONBLOCK) = 8
116805 brk(NULL)                        = 0x583ac52a1000
116805 brk(0x583ac52c2000)              = 0x583ac52c2000
116805 getrandom("\xfd", 1, GRND_NONBLOCK) = 1
116805 newfstatat(AT_FDCWD, "/etc/gnutls/config", {st_mode=S_IFREG|0644, st_size=119, ...}, 0) = 0
116805 openat(AT_FDCWD, "/etc/gnutls/config", O_RDONLY|O_CLOEXEC) = 3
116805 fstat(3, {st_mode=S_IFREG|0644, st_size=119, ...}) = 0
116805 brk(0x583ac52e3000)              = 0x583ac52e3000
116805 read(3, "[overrides]\ndisabled-version = t"..., 4096) = 119
116805 read(3, "", 4096)                = 0
116805 lseek(3, 0, SEEK_SET)            = 0
116805 read(3, "[overrides]\ndisabled-version = t"..., 4096) = 119
116805 read(3, "", 4096)                = 0
116805 close(3)                         = 0
116805 brk(0x583ac52e2000)              = 0x583ac52e2000
116805 futex(0x730053c7a7bc, FUTEX_WAKE_PRIVATE, 2147483647) = 0
116805 openat(AT_FDCWD, ".env", O_RDONLY) = 3
116805 read(3, "POSTGRES_USER=user\r\nPOSTGRES_PAS"..., 8191) = 244
116805 read(3, "", 8191)                = 0
116805 close(3)                         = 0
116805 futex(0x730053dbe230, FUTEX_WAKE_PRIVATE, 2147483647) = 0
116805 write(2, "Exception: ", 11)      = 11
116805 write(2, "Invalid argument [system:22]", 28) = 28
116805 write(2, "\n", 1)                = 1
116805 exit_group(0)                    = ?
116805 +++ exited with 0 +++
